0 info it worked if it ends with ok
1 verbose cli [ '/usr/local/bin/node', '/usr/local/bin/npm', 'cache', 'clean' ]
2 info using npm@1.4.28
3 info using node@v0.10.35
4 error Error: EACCES, unlink '/Users/kgant/.npm/after/0.8.1'
4 error  { [Error: EACCES, unlink '/Users/kgant/.npm/after/0.8.1']
4 error   errno: 3,
4 error   code: 'EACCES',
4 error   path: '/Users/kgant/.npm/after/0.8.1' }
5 error Please try running this command again as root/Administrator.
6 error System Darwin 11.4.2
7 error command "/usr/local/bin/node" "/usr/local/bin/npm" "cache" "clean"
8 error cwd /Users/kgant/Sites/khaliqgant
9 error node -v v0.10.35
10 error npm -v 1.4.28
11 error path /Users/kgant/.npm/after/0.8.1
12 error code EACCES
13 error errno 3
14 error stack Error: EACCES, unlink '/Users/kgant/.npm/after/0.8.1'
15 verbose exit [ 3, true ]
